<?xml version="1.0" encoding="UTF-8"?>
<!-- Generated by org.testng.reporters.JUnitReportReporter -->
<testsuite skipped="0" hostname="DESKTOP-TLNPRP0" name="testCases.TC_004_Logout" tests="1" failures="0" timestamp="2021-04-03T23:22:51 IST" time="11.797" errors="0">
  <testcase name="test_logout" time="11.797" classname="testCases.TC_004_Logout"/>
  <system-out/>
</testsuite> <!-- testCases.TC_004_Logout -->
