<?xml version="1.0" encoding="UTF-8"?>
<!-- Generated by org.testng.reporters.JUnitReportReporter -->
<testsuite skipped="0" hostname="DESKTOP-TLNPRP0" name="testCases.TC_001_AccountRegistration" tests="1" failures="0" timestamp="2021-04-05T22:34:09 IST" time="7.914" errors="0">
  <testcase name="test_accout_Registration" time="7.914" classname="testCases.TC_001_AccountRegistration"/>
  <system-out/>
</testsuite> <!-- testCases.TC_001_AccountRegistration -->
