<?xml version="1.0" encoding="UTF-8"?>
<!-- Generated by org.testng.reporters.JUnitReportReporter -->
<testsuite hostname="DESKTOP-TLNPRP0" failures="0" tests="1" name="testCases.TC_001_AccountRegistration" time="12.484" errors="0" timestamp="2021-03-30T23:54:59 IST" skipped="0">
  <testcase classname="testCases.TC_001_AccountRegistration" name="test_accout_Registration" time="12.484"/>
  <system-out/>
</testsuite> <!-- testCases.TC_001_AccountRegistration -->
