<?xml version="1.0" encoding="UTF-8"?>
<!-- Generated by org.testng.reporters.JUnitReportReporter -->
<testsuite skipped="0" hostname="DESKTOP-TLNPRP0" name="testCases.TC_002_Login" tests="1" failures="0" timestamp="2021-04-05T19:53:05 IST" time="9.194" errors="0">
  <testcase name="test_Login" time="9.194" classname="testCases.TC_002_Login"/>
  <system-out/>
</testsuite> <!-- testCases.TC_002_Login -->
