<?xml version="1.0" encoding="UTF-8"?>
<!-- Generated by org.testng.reporters.JUnitReportReporter -->
<testsuite skipped="0" hostname="DESKTOP-TLNPRP0" name="testCases.TC_005_Forgottenpaswd" tests="1" failures="0" timestamp="2021-04-06T00:57:32 IST" time="15.862" errors="0">
  <testcase name="test_Login" time="15.862" classname="testCases.TC_005_Forgottenpaswd"/>
  <system-out/>
</testsuite> <!-- testCases.TC_005_Forgottenpaswd -->
