<?xml version="1.0" encoding="UTF-8"?>
<!-- Generated by org.testng.reporters.JUnitReportReporter -->
<testsuite hostname="DESKTOP-TLNPRP0" failures="0" tests="1" name="testCases.TC_002_Login" time="8.225" errors="0" timestamp="2021-03-30T23:54:59 IST" skipped="0">
  <testcase classname="testCases.TC_002_Login" name="test_Login" time="8.225"/>
  <system-out/>
</testsuite> <!-- testCases.TC_002_Login -->
