<?xml version="1.0" encoding="UTF-8"?>
<!-- Generated by org.testng.reporters.JUnitReportReporter -->
<testsuite skipped="0" hostname="DESKTOP-TLNPRP0" name="testCases.TC_004_Logout_2" tests="1" failures="0" timestamp="2021-04-05T16:42:11 IST" time="13.131" errors="0">
  <testcase name="test_logout" time="13.131" classname="testCases.TC_004_Logout_2"/>
  <system-out/>
</testsuite> <!-- testCases.TC_004_Logout_2 -->
