<?xml version="1.0" encoding="UTF-8"?>
<!-- Generated by org.testng.reporters.JUnitReportReporter -->
<testsuite skipped="0" hostname="DESKTOP-TLNPRP0" name="testCases.TC_006_Search" tests="1" failures="0" timestamp="2021-05-02T15:50:17 IST" time="9.981" errors="0">
  <testcase name="test_Login" time="9.981" classname="testCases.TC_006_Search"/>
  <system-out/>
</testsuite> <!-- testCases.TC_006_Search -->
