<?xml version="1.0" encoding="UTF-8"?>
<!-- Generated by org.testng.reporters.JUnitReportReporter -->
<testsuite hostname="DESKTOP-TLNPRP0" failures="0" tests="1" name="testCases.TC_002_Login" time="10.227" errors="0" timestamp="2021-03-25T22:23:25 IST" skipped="0">
  <testcase classname="testCases.TC_002_Login" name="test_Login" time="10.227"/>
  <system-out/>
</testsuite> <!-- testCases.TC_002_Login -->
